c:\users\damia\desktop\openglparser-cpp\glgraphics\x64\debug\vc143.pdb
c:\users\damia\desktop\openglparser-cpp\glgraphics\x64\debug\vc143.idb
c:\users\damia\desktop\openglparser-cpp\glgraphics\x64\debug\parser_math.obj
c:\users\damia\desktop\openglparser-cpp\glgraphics\x64\debug\parser_help.obj
c:\users\damia\desktop\openglparser-cpp\glgraphics\x64\debug\main.obj
c:\users\damia\desktop\openglparser-cpp\glgraphics\x64\debug\glwindow.obj
c:\users\damia\desktop\openglparser-cpp\glgraphics\x64\debug\glscene_dynamic.obj
c:\users\damia\desktop\openglparser-cpp\glgraphics\x64\debug\gldraw.obj
c:\users\damia\desktop\openglparser-cpp\glgraphics\x64\debug\parser_command.obj
c:\users\damia\desktop\openglparser-cpp\glgraphics\x64\debug\parsersmanager.obj
c:\users\damia\desktop\openglparser-cpp\x64\debug\glgraphics.exe
c:\users\damia\desktop\openglparser-cpp\glgraphics\x64\debug\glgraphics.ilk
c:\users\damia\desktop\openglparser-cpp\x64\debug\glgraphics.pdb
c:\users\damia\desktop\openglparser-cpp\glgraphics\x64\debug\glgraphics.tlog\cl.command.1.tlog
c:\users\damia\desktop\openglparser-cpp\glgraphics\x64\debug\glgraphics.tlog\cl.items.tlog
c:\users\damia\desktop\openglparser-cpp\glgraphics\x64\debug\glgraphics.tlog\cl.read.1.tlog
c:\users\damia\desktop\openglparser-cpp\glgraphics\x64\debug\glgraphics.tlog\cl.write.1.tlog
c:\users\damia\desktop\openglparser-cpp\glgraphics\x64\debug\glgraphics.tlog\link.command.1.tlog
c:\users\damia\desktop\openglparser-cpp\glgraphics\x64\debug\glgraphics.tlog\link.read.1.tlog
c:\users\damia\desktop\openglparser-cpp\glgraphics\x64\debug\glgraphics.tlog\link.write.1.tlog
